<?xml version="1.0" encoding="UTF-8"?>
<testsuite xmlns:xsi="http://www.w3.org/2001/XMLSchema-instance" xsi:noNamespaceSchemaLocation="https://maven.apache.org/surefire/maven-surefire-plugin/xsd/surefire-test-report-3.0.xsd" version="3.0" name="com.example.common.CommonUtilsApplicationTests" time="1.73" tests="1" errors="0" skipped="0" failures="0">
  <properties>
[...]
</properties>
  <testcase name="contextLoads" classname="com.example.common.CommonUtilsApplicationTests" time="1.085">
    <system-out><![CDATA[17:06:10.232 [main] INFO org.springframework.test.context.support.AnnotationConfigContextLoaderUtils -- Could not detect default configuration classes for test class [com.example.common.CommonUtilsApplicationTests]: CommonUtilsApplicationTests does not declare any static, non-private, non-final, nested classes annotated with @Configuration.
17:06:10.275 [main] INFO org.springframework.boot.test.context.SpringBootTestContextBootstrapper -- Found @SpringBootConfiguration com.example.common.CommonUtilsApplication for test class com.example.common.CommonUtilsApplicationTests
17:06:10.334 [main] INFO org.springframework.boot.devtools.restart.RestartApplicationListener -- Restart disabled due to context in which it is running

  .   ____          _            __ _ _
 /\\ / ___'_ __ _ _(_)_ __  __ _ \ \ \ \
( ( )\___ | '_ | '_| | '_ \/ _` | \ \ \ \
 \\/  ___)| |_)| | | | | || (_| |  ) ) ) )
  '  |____| .__|_| |_|_| |_\__, | / / / /
 =========|_|==============|___/=/_/_/_/

 :: Spring Boot ::                (v3.3.2)

2024-08-02T17:06:10.460+05:30  INFO 16777 --- [common-utils] [           main] c.e.common.CommonUtilsApplicationTests   : Starting CommonUtilsApplicationTests using Java 17 with PID 16777 (started by fleetstudio-46 in /Users/fleetstudio-46/Downloads/common-utils)
2024-08-02T17:06:10.461+05:30  INFO 16777 --- [common-utils] [           main] c.e.common.CommonUtilsApplicationTests   : No active profile set, falling back to 1 default profile: "default"
2024-08-02T17:06:10.787+05:30  INFO 16777 --- [common-utils] [           main] c.e.common.CommonUtilsApplicationTests   : Started CommonUtilsApplicationTests in 0.458 seconds (process running for 0.943)
]]></system-out>
  </testcase>
</testsuite>